#################################################################
# If you used AutoDock Vina in your work, please cite:          #
#                                                               #
# O. Trott, A. J. Olson,                                        #
# AutoDock Vina: improving the speed and accuracy of docking    #
# with a new scoring function, efficient optimization and       #
# multithreading, Journal of Computational Chemistry 31 (2010)  #
# 455-461                                                       #
#                                                               #
# DOI 10.1002/jcc.21334                                         #
#                                                               #
# Please see http://vina.scripps.edu for more information.      #
#################################################################

Reading input ... done.
Setting up the scoring function ... done.
Analyzing the binding site ... done.
Using random seed: 1862599632
Performing search ... done.
Refining results ... done.

mode |   affinity | dist from best mode
     | (kcal/mol) | rmsd l.b.| rmsd u.b.
-----+------------+----------+----------
   1        -11.6      0.000      0.000
   2        -11.5      1.283      1.496
   3        -11.4      4.176      8.814
   4        -10.6      1.675      3.011
   5        -10.4      3.762      8.432
   6        -10.0      3.948      8.444
   7         -9.7      3.668      8.449
   8         -9.6      3.890      8.443
   9         -9.3      3.871      8.637
  10         -9.2      3.777      8.613
Writing output ... done.
